11:44:29 INFO  : Registering command handlers for SDK TCF services
11:44:29 INFO  : Launching XSCT server: xsct.bat -interactive C:\Users\Sean\Documents\UGV_PROJECTS\UGV_FINAL\UGV_FINAL.sdk\temp_xsdb_launch_script.tcl
11:44:32 INFO  : XSCT server has started successfully.
11:44:35 INFO  : Successfully done setting XSCT server connection channel  
11:44:35 INFO  : Processing command line option -hwspec C:/Users/Sean/Documents/UGV_PROJECTS/UGV_FINAL/UGV_FINAL.sdk/design_1_wrapper.hdf.
11:44:35 INFO  : Successfully done setting SDK workspace  
14:48:38 INFO  : Connected to target on host '127.0.0.1' and port '3121'.
14:48:39 INFO  : 'targets -set -filter {jtag_cable_name =~ "Digilent JTAG-HS3 210299A1784B" && level==0} -index 1' command is executed.
14:48:41 INFO  : FPGA configured successfully with bitstream "C:/Users/Sean/Documents/UGV_PROJECTS/UGV_FINAL/UGV_FINAL.sdk/design_1_wrapper_hw_platform_0/design_1_wrapper.bit"
14:48:46 WARN  : Given IPC port value is invalid. Using default port 2350
14:48:46 WARN  : Given XMD timeout value is invalid. Using default value of 50000
14:48:48 WARN  : Given XMD transaction timeout value is invalid. Using default value of 60000 milli seconds
14:48:48 WARN  : Given XMD transaction timeout value is invalid. Using default value of 60000 milli seconds
14:48:52 WARN  : Given XMD transaction timeout value is invalid. Using default value of 60000 milli seconds
14:48:53 WARN  : Given XMD transaction timeout value is invalid. Using default value of 60000 milli seconds
14:48:53 WARN  : Given XMD transaction timeout value is invalid. Using default value of 60000 milli seconds
14:48:53 WARN  : Given XMD transaction timeout value is invalid. Using default value of 60000 milli seconds
14:48:53 WARN  : Given XMD transaction timeout value is invalid. Using default value of 60000 milli seconds
14:48:53 WARN  : Given XMD transaction timeout value is invalid. Using default value of 60000 milli seconds
14:48:53 WARN  : Given XMD transaction timeout value is invalid. Using default value of 60000 milli seconds
14:48:53 INFO  : ps7_init is completed.
14:48:53 WARN  : Given XMD transaction timeout value is invalid. Using default value of 60000 milli seconds
14:48:53 INFO  : ps7_post_config is completed.
14:48:53 WARN  : Given XMD transaction timeout value is invalid. Using default value of 60000 milli seconds
14:48:54 WARN  : Given XMD transaction timeout value is invalid. Using default value of 60000 milli seconds
14:48:54 INFO  : Processor reset is completed for ps7_cortexa9_0
14:48:54 WARN  : Given XMD transaction timeout value is invalid. Using default value of 60000 milli seconds
14:48:56 WARN  : Given XMD transaction timeout value is invalid. Using default value of 60000 milli seconds
14:51:10 WARN  : Given XMD transaction timeout value is invalid. Using default value of 60000 milli seconds
14:51:10 WARN  : Given XMD transaction timeout value is invalid. Using default value of 60000 milli seconds
14:51:10 WARN  : Given XMD transaction timeout value is invalid. Using default value of 60000 milli seconds
14:51:10 WARN  : Given XMD transaction timeout value is invalid. Using default value of 60000 milli seconds
14:51:10 WARN  : Given XMD transaction timeout value is invalid. Using default value of 60000 milli seconds
14:51:12 INFO  : Connected to target on host '127.0.0.1' and port '3121'.
14:51:13 INFO  : 'targets -set -filter {jtag_cable_name =~ "Digilent JTAG-HS3 210299A1784B" && level==0} -index 1' command is executed.
14:51:15 INFO  : FPGA configured successfully with bitstream "C:/Users/Sean/Documents/UGV_PROJECTS/UGV_FINAL/UGV_FINAL.sdk/design_1_wrapper_hw_platform_0/design_1_wrapper.bit"
14:51:18 WARN  : Given XMD transaction timeout value is invalid. Using default value of 60000 milli seconds
14:51:18 WARN  : Given XMD transaction timeout value is invalid. Using default value of 60000 milli seconds
14:51:18 WARN  : Given XMD transaction timeout value is invalid. Using default value of 60000 milli seconds
14:51:18 WARN  : Given XMD transaction timeout value is invalid. Using default value of 60000 milli seconds
14:51:19 WARN  : Given XMD transaction timeout value is invalid. Using default value of 60000 milli seconds
14:51:19 WARN  : Given XMD transaction timeout value is invalid. Using default value of 60000 milli seconds
14:51:19 WARN  : Given XMD transaction timeout value is invalid. Using default value of 60000 milli seconds
14:51:19 INFO  : ps7_init is completed.
14:51:19 WARN  : Given XMD transaction timeout value is invalid. Using default value of 60000 milli seconds
14:51:19 INFO  : ps7_post_config is completed.
14:51:19 WARN  : Given XMD transaction timeout value is invalid. Using default value of 60000 milli seconds
14:51:19 WARN  : Given XMD transaction timeout value is invalid. Using default value of 60000 milli seconds
14:51:20 INFO  : Processor reset is completed for ps7_cortexa9_0
14:51:20 WARN  : Given XMD transaction timeout value is invalid. Using default value of 60000 milli seconds
14:51:21 WARN  : Given XMD transaction timeout value is invalid. Using default value of 60000 milli seconds
14:53:43 WARN  : Given XMD transaction timeout value is invalid. Using default value of 60000 milli seconds
14:53:43 INFO  : ps7_cortexa9_0 Processor is in use. Please stop existing Run or Debug sessions before launching.
14:53:45 WARN  : Given XMD transaction timeout value is invalid. Using default value of 60000 milli seconds
14:53:45 WARN  : Given XMD transaction timeout value is invalid. Using default value of 60000 milli seconds
14:53:45 WARN  : Given XMD transaction timeout value is invalid. Using default value of 60000 milli seconds
14:53:45 INFO  : Processor reset is completed for ps7_cortexa9_0
14:53:47 WARN  : Given XMD transaction timeout value is invalid. Using default value of 60000 milli seconds
14:54:32 WARN  : Given XMD transaction timeout value is invalid. Using default value of 60000 milli seconds
14:54:32 INFO  : ps7_cortexa9_0 Processor is in use. Please stop existing Run or Debug sessions before launching.
14:54:34 WARN  : Given XMD transaction timeout value is invalid. Using default value of 60000 milli seconds
14:54:34 WARN  : Given XMD transaction timeout value is invalid. Using default value of 60000 milli seconds
14:54:34 WARN  : Given XMD transaction timeout value is invalid. Using default value of 60000 milli seconds
14:54:34 INFO  : Processor reset is completed for ps7_cortexa9_0
14:54:35 WARN  : Given XMD transaction timeout value is invalid. Using default value of 60000 milli seconds
14:56:18 WARN  : Given XMD transaction timeout value is invalid. Using default value of 60000 milli seconds
14:56:18 INFO  : ps7_cortexa9_0 Processor is in use. Please stop existing Run or Debug sessions before launching.
14:56:20 WARN  : Given XMD transaction timeout value is invalid. Using default value of 60000 milli seconds
14:56:20 WARN  : Given XMD transaction timeout value is invalid. Using default value of 60000 milli seconds
14:56:20 WARN  : Given XMD transaction timeout value is invalid. Using default value of 60000 milli seconds
14:56:21 INFO  : Processor reset is completed for ps7_cortexa9_0
14:56:22 WARN  : Given XMD transaction timeout value is invalid. Using default value of 60000 milli seconds
15:14:47 WARN  : Given XMD transaction timeout value is invalid. Using default value of 60000 milli seconds
15:14:47 INFO  : ps7_cortexa9_0 Processor is in use. Please stop existing Run or Debug sessions before launching.
15:41:50 WARN  : Given XMD transaction timeout value is invalid. Using default value of 60000 milli seconds
15:41:50 WARN  : Given XMD transaction timeout value is invalid. Using default value of 60000 milli seconds
15:41:50 WARN  : Given XMD transaction timeout value is invalid. Using default value of 60000 milli seconds
15:41:50 WARN  : Given XMD transaction timeout value is invalid. Using default value of 60000 milli seconds
15:41:51 WARN  : Given XMD transaction timeout value is invalid. Using default value of 60000 milli seconds
15:41:58 ERROR : Unexpected error while parsing XMD response ?: com.google.gson.JsonSyntaxException: com.google.gson.stream.MalformedJsonException: invalid number or unquoted string near 
15:43:47 INFO  : Registering command handlers for SDK TCF services
15:43:48 INFO  : Launching XSCT server: xsct.bat -interactive C:\Users\Sean\Documents\UGV_PROJECTS\UGV_FINAL\UGV_FINAL.sdk\temp_xsdb_launch_script.tcl
15:43:50 INFO  : XSCT server has started successfully.
15:43:50 INFO  : Successfully done setting XSCT server connection channel  
15:43:50 INFO  : Processing command line option -hwspec C:/Users/Sean/Documents/UGV_PROJECTS/UGV_FINAL/UGV_FINAL.sdk/design_1_wrapper.hdf.
15:43:50 INFO  : Successfully done setting SDK workspace  
15:43:50 INFO  : Checking for hwspec changes in the project design_1_wrapper_hw_platform_0.
