Copyright 1986-2017 Xilinx, Inc. All Rights Reserved.
---------------------------------------------------------------------------------------------
| Tool Version : Vivado v.2017.4 (win64) Build 2086221 Fri Dec 15 20:55:39 MST 2017
| Date         : Tue May  8 11:42:36 2018
| Host         : DESKTOP-UMTIVUS running 64-bit major release  (build 9200)
| Command      : report_control_sets -verbose -file design_1_wrapper_control_sets_placed.rpt
| Design       : design_1_wrapper
| Device       : xc7z020
---------------------------------------------------------------------------------------------

Control Set Information

Table of Contents
-----------------
1. Summary
2. Flip-Flop Distribution
3. Detailed Control Set Information

1. Summary
----------

+----------------------------------------------------------+-------+
|                          Status                          | Count |
+----------------------------------------------------------+-------+
| Number of unique control sets                            |   100 |
| Unused register locations in slices containing registers |   191 |
+----------------------------------------------------------+-------+


2. Flip-Flop Distribution
-------------------------

+--------------+-----------------------+------------------------+-----------------+--------------+
| Clock Enable | Synchronous Set/Reset | Asynchronous Set/Reset | Total Registers | Total Slices |
+--------------+-----------------------+------------------------+-----------------+--------------+
| No           | No                    | No                     |             205 |           67 |
| No           | No                    | Yes                    |               0 |            0 |
| No           | Yes                   | No                     |             227 |           77 |
| Yes          | No                    | No                     |             544 |          114 |
| Yes          | No                    | Yes                    |               0 |            0 |
| Yes          | Yes                   | No                     |             553 |          140 |
+--------------+-----------------------+------------------------+-----------------+--------------+


3. Detailed Control Set Information
-----------------------------------

+-------------------------------------------------+----------------------------------------------------------------------------------------------------------------------------------------------------------------+------------------------------------------------------------------------------------------------------------------------------------------+------------------+----------------+
|                   Clock Signal                  |                                                                          Enable Signal                                                                         |                                                             Set/Reset Signal                                                             | Slice Load Count | Bel Load Count |
+-------------------------------------------------+----------------------------------------------------------------------------------------------------------------------------------------------------------------+------------------------------------------------------------------------------------------------------------------------------------------+------------------+----------------+
|  design_1_i/processing_system7_0/inst/FCLK_CLK0 | design_1_i/ps7_0_axi_periph/s00_couplers/auto_pc/inst/gen_axilite.gen_b2s_conv.axilite_b2s/WR.b_channel_0/bid_fifo_0/bresp_push                                |                                                                                                                                          |                1 |              2 |
|  design_1_i/processing_system7_0/inst/FCLK_CLK0 | design_1_i/axi_gpio_0/U0/AXI_LITE_IPIF_I/I_SLAVE_ATTACHMENT/bus2ip_addr_i[8]_i_1_n_0                                                                           | design_1_i/axi_gpio_0/U0/AXI_LITE_IPIF_I/I_SLAVE_ATTACHMENT/SR                                                                           |                1 |              4 |
|  design_1_i/processing_system7_0/inst/FCLK_CLK0 | design_1_i/axi_uartlite_0/U0/AXI_LITE_IPIF_I/I_SLAVE_ATTACHMENT/start2                                                                                         | design_1_i/axi_uartlite_0/U0/AXI_LITE_IPIF_I/I_SLAVE_ATTACHMENT/I_DECODER/cs_ce_clr                                                      |                1 |              4 |
|  design_1_i/processing_system7_0/inst/FCLK_CLK0 |                                                                                                                                                                | design_1_i/ps7_0_axi_periph/s00_couplers/auto_pc/inst/gen_axilite.gen_b2s_conv.axilite_b2s/SI_REG/ar.ar_pipe/m_valid_i_reg_0             |                2 |              4 |
|  design_1_i/processing_system7_0/inst/FCLK_CLK0 | design_1_i/ps7_0_axi_periph/s00_couplers/auto_pc/inst/gen_axilite.gen_b2s_conv.axilite_b2s/WR.aw_channel_0/aw_cmd_fsm_0/E[0]                                   | design_1_i/ps7_0_axi_periph/s00_couplers/auto_pc/inst/gen_axilite.gen_b2s_conv.axilite_b2s/WR.aw_channel_0/aw_cmd_fsm_0/axlen_cnt_reg[7] |                2 |              4 |
|  design_1_i/processing_system7_0/inst/FCLK_CLK0 |                                                                                                                                                                | design_1_i/ps7_0_axi_periph/s00_couplers/auto_pc/inst/gen_axilite.gen_b2s_conv.axilite_b2s/SI_REG/aw.aw_pipe/s_ready_i_reg_0             |                3 |              4 |
|  design_1_i/processing_system7_0/inst/FCLK_CLK0 | design_1_i/axi_uartlite_0/U0/UARTLITE_CORE_I/BAUD_RATE_I/en_16x_Baud                                                                                           |                                                                                                                                          |                4 |              4 |
|  design_1_i/processing_system7_0/inst/FCLK_CLK0 | design_1_i/MD03ADRIVER_0/U0/MD03ADRIVER_v1_0_S00_AXI_inst/DIRA_reg_0                                                                                           |                                                                                                                                          |                2 |              4 |
|  design_1_i/processing_system7_0/inst/FCLK_CLK0 | design_1_i/ps7_0_axi_periph/s00_couplers/auto_pc/inst/gen_axilite.gen_b2s_conv.axilite_b2s/RD.ar_channel_0/ar_cmd_fsm_0/axlen_cnt_reg[4][0]                    | design_1_i/ps7_0_axi_periph/s00_couplers/auto_pc/inst/gen_axilite.gen_b2s_conv.axilite_b2s/RD.ar_channel_0/ar_cmd_fsm_0/axlen_cnt_reg[7] |                2 |              4 |
|  design_1_i/processing_system7_0/inst/FCLK_CLK0 | design_1_i/axi_gpio_0/U0/AXI_LITE_IPIF_I/I_SLAVE_ATTACHMENT/start2                                                                                             | design_1_i/axi_gpio_0/U0/AXI_LITE_IPIF_I/I_SLAVE_ATTACHMENT/I_DECODER/cs_ce_clr                                                          |                2 |              4 |
|  design_1_i/processing_system7_0/inst/FCLK_CLK0 |                                                                                                                                                                | design_1_i/axi_gpio_0/U0/AXI_LITE_IPIF_I/I_SLAVE_ATTACHMENT/clear                                                                        |                1 |              4 |
|  design_1_i/processing_system7_0/inst/FCLK_CLK0 |                                                                                                                                                                | design_1_i/rst_ps7_0_100M/U0/EXT_LPF/lpf_int                                                                                             |                3 |              5 |
|  design_1_i/processing_system7_0/inst/FCLK_CLK0 |                                                                                                                                                                | design_1_i/axi_uartlite_0/U0/UARTLITE_CORE_I/UARTLITE_RX_I/SRL_FIFO_I/I_SRL_FIFO_RBU_F/CNTR_INCR_DECR_ADDN_F_I/SS[0]                     |                3 |              6 |
|  design_1_i/processing_system7_0/inst/FCLK_CLK0 |                                                                                                                                                                | design_1_i/axi_uartlite_0/U0/UARTLITE_CORE_I/UARTLITE_TX_I/SRL_FIFO_I/I_SRL_FIFO_RBU_F/CNTR_INCR_DECR_ADDN_F_I/SS[0]                     |                2 |              6 |
|  design_1_i/processing_system7_0/inst/FCLK_CLK0 | design_1_i/rst_ps7_0_100M/U0/SEQ/seq_cnt_en                                                                                                                    | design_1_i/rst_ps7_0_100M/U0/SEQ/SEQ_COUNTER/clear                                                                                       |                2 |              6 |
|  design_1_i/processing_system7_0/inst/FCLK_CLK0 | design_1_i/PWM_Measure_0/U0/PWM_Measure_v1_0_S00_AXI_inst/slv_reg1[23]_i_1_n_0                                                                                 | design_1_i/PWM_Measure_0/U0/PWM_Measure_v1_0_S00_AXI_inst/axi_awready_i_1_n_0                                                            |                1 |              8 |
|  design_1_i/processing_system7_0/inst/FCLK_CLK0 | design_1_i/PWM_Measure_0/U0/PWM_Measure_v1_0_S00_AXI_inst/slv_reg2[23]_i_1_n_0                                                                                 | design_1_i/PWM_Measure_0/U0/PWM_Measure_v1_0_S00_AXI_inst/axi_awready_i_1_n_0                                                            |                1 |              8 |
|  design_1_i/processing_system7_0/inst/FCLK_CLK0 | design_1_i/ps7_0_axi_periph/s00_couplers/auto_pc/inst/gen_axilite.gen_b2s_conv.axilite_b2s/WR.b_channel_0/mhandshake_r                                         | design_1_i/ps7_0_axi_periph/s00_couplers/auto_pc/inst/gen_axilite.gen_b2s_conv.axilite_b2s/WR.b_channel_0/bid_fifo_0/SR[0]               |                3 |              8 |
|  design_1_i/processing_system7_0/inst/FCLK_CLK0 | design_1_i/MD03ADRIVER_0/U0/MD03ADRIVER_v1_0_S00_AXI_inst/slv_reg0[7]_i_1_n_0                                                                                  | design_1_i/MD03ADRIVER_0/U0/MD03ADRIVER_v1_0_S00_AXI_inst/axi_awready_i_1_n_0                                                            |                2 |              8 |
|  design_1_i/processing_system7_0/inst/FCLK_CLK0 | design_1_i/MD03ADRIVER_0/U0/MD03ADRIVER_v1_0_S00_AXI_inst/slv_reg1[15]_i_1_n_0                                                                                 | design_1_i/MD03ADRIVER_0/U0/MD03ADRIVER_v1_0_S00_AXI_inst/axi_awready_i_1_n_0                                                            |                1 |              8 |
|  design_1_i/processing_system7_0/inst/FCLK_CLK0 | design_1_i/MD03ADRIVER_0/U0/MD03ADRIVER_v1_0_S00_AXI_inst/slv_reg1[7]_i_1_n_0                                                                                  | design_1_i/MD03ADRIVER_0/U0/MD03ADRIVER_v1_0_S00_AXI_inst/axi_awready_i_1_n_0                                                            |                2 |              8 |
|  design_1_i/processing_system7_0/inst/FCLK_CLK0 | design_1_i/axi_gpio_0/U0/AXI_LITE_IPIF_I/I_SLAVE_ATTACHMENT/I_DECODER/E[0]                                                                                     | design_1_i/axi_gpio_0/U0/AXI_LITE_IPIF_I/I_SLAVE_ATTACHMENT/SR                                                                           |                4 |              8 |
|  design_1_i/processing_system7_0/inst/FCLK_CLK0 | design_1_i/axi_uartlite_0/U0/UARTLITE_CORE_I/UARTLITE_RX_I/SRL_FIFO_I/I_SRL_FIFO_RBU_F/DYNSHREG_F_I/fifo_wr                                                    |                                                                                                                                          |                1 |              8 |
|  design_1_i/processing_system7_0/inst/FCLK_CLK0 | design_1_i/axi_uartlite_0/U0/AXI_LITE_IPIF_I/I_SLAVE_ATTACHMENT/I_DECODER/fifo_wr                                                                              |                                                                                                                                          |                1 |              8 |
|  design_1_i/processing_system7_0/inst/FCLK_CLK0 | design_1_i/axi_gpio_0/U0/AXI_LITE_IPIF_I/I_SLAVE_ATTACHMENT/I_DECODER/Not_Dual.gpio_OE_reg[0][0]                                                               | design_1_i/axi_gpio_0/U0/AXI_LITE_IPIF_I/I_SLAVE_ATTACHMENT/SR                                                                           |                3 |              8 |
|  design_1_i/processing_system7_0/inst/FCLK_CLK0 | design_1_i/MD03ADRIVER_0/U0/MD03ADRIVER_v1_0_S00_AXI_inst/slv_reg1[31]_i_1_n_0                                                                                 | design_1_i/MD03ADRIVER_0/U0/MD03ADRIVER_v1_0_S00_AXI_inst/axi_awready_i_1_n_0                                                            |                2 |              8 |
|  design_1_i/processing_system7_0/inst/FCLK_CLK0 | design_1_i/MD03ADRIVER_0/U0/MD03ADRIVER_v1_0_S00_AXI_inst/slv_reg2[15]_i_1_n_0                                                                                 | design_1_i/MD03ADRIVER_0/U0/MD03ADRIVER_v1_0_S00_AXI_inst/axi_awready_i_1_n_0                                                            |                1 |              8 |
|  design_1_i/processing_system7_0/inst/FCLK_CLK0 | design_1_i/MD03ADRIVER_0/U0/MD03ADRIVER_v1_0_S00_AXI_inst/slv_reg2[7]_i_1_n_0                                                                                  | design_1_i/MD03ADRIVER_0/U0/MD03ADRIVER_v1_0_S00_AXI_inst/axi_awready_i_1_n_0                                                            |                1 |              8 |
|  design_1_i/processing_system7_0/inst/FCLK_CLK0 | design_1_i/MD03ADRIVER_0/U0/MD03ADRIVER_v1_0_S00_AXI_inst/slv_reg2[31]_i_1_n_0                                                                                 | design_1_i/MD03ADRIVER_0/U0/MD03ADRIVER_v1_0_S00_AXI_inst/axi_awready_i_1_n_0                                                            |                1 |              8 |
|  design_1_i/processing_system7_0/inst/FCLK_CLK0 | design_1_i/PololuStepperA_0/U0/PololuStepperA_v1_0_S00_AXI_inst/slv_reg0[15]_i_1_n_0                                                                           | design_1_i/PololuStepperA_0/U0/PololuStepperA_v1_0_S00_AXI_inst/axi_awready_i_1_n_0                                                      |                1 |              8 |
|  design_1_i/processing_system7_0/inst/FCLK_CLK0 | design_1_i/MD03ADRIVER_0/U0/MD03ADRIVER_v1_0_S00_AXI_inst/slv_reg2[23]_i_1_n_0                                                                                 | design_1_i/MD03ADRIVER_0/U0/MD03ADRIVER_v1_0_S00_AXI_inst/axi_awready_i_1_n_0                                                            |                2 |              8 |
|  design_1_i/processing_system7_0/inst/FCLK_CLK0 | design_1_i/PololuStepperA_0/U0/PololuStepperA_v1_0_S00_AXI_inst/slv_reg2[31]_i_1_n_0                                                                           | design_1_i/PololuStepperA_0/U0/PololuStepperA_v1_0_S00_AXI_inst/axi_awready_i_1_n_0                                                      |                1 |              8 |
|  design_1_i/processing_system7_0/inst/FCLK_CLK0 | design_1_i/PololuStepperA_0/U0/PololuStepperA_v1_0_S00_AXI_inst/slv_reg0[23]_i_1_n_0                                                                           | design_1_i/PololuStepperA_0/U0/PololuStepperA_v1_0_S00_AXI_inst/axi_awready_i_1_n_0                                                      |                1 |              8 |
|  design_1_i/processing_system7_0/inst/FCLK_CLK0 | design_1_i/PololuStepperA_0/U0/PololuStepperA_v1_0_S00_AXI_inst/slv_reg0[7]_i_1_n_0                                                                            | design_1_i/PololuStepperA_0/U0/PololuStepperA_v1_0_S00_AXI_inst/axi_awready_i_1_n_0                                                      |                1 |              8 |
|  design_1_i/processing_system7_0/inst/FCLK_CLK0 | design_1_i/PololuStepperA_0/U0/PololuStepperA_v1_0_S00_AXI_inst/slv_reg1[15]_i_1_n_0                                                                           | design_1_i/PololuStepperA_0/U0/PololuStepperA_v1_0_S00_AXI_inst/axi_awready_i_1_n_0                                                      |                1 |              8 |
|  design_1_i/processing_system7_0/inst/FCLK_CLK0 | design_1_i/PololuStepperA_0/U0/PololuStepperA_v1_0_S00_AXI_inst/slv_reg1[7]_i_1_n_0                                                                            | design_1_i/PololuStepperA_0/U0/PololuStepperA_v1_0_S00_AXI_inst/axi_awready_i_1_n_0                                                      |                1 |              8 |
|  design_1_i/processing_system7_0/inst/FCLK_CLK0 | design_1_i/PololuStepperA_0/U0/PololuStepperA_v1_0_S00_AXI_inst/slv_reg0[31]_i_1_n_0                                                                           | design_1_i/PololuStepperA_0/U0/PololuStepperA_v1_0_S00_AXI_inst/axi_awready_i_1_n_0                                                      |                1 |              8 |
|  design_1_i/processing_system7_0/inst/FCLK_CLK0 | design_1_i/PololuStepperA_0/U0/PololuStepperA_v1_0_S00_AXI_inst/slv_reg2[23]_i_1_n_0                                                                           | design_1_i/PololuStepperA_0/U0/PololuStepperA_v1_0_S00_AXI_inst/axi_awready_i_1_n_0                                                      |                1 |              8 |
|  design_1_i/processing_system7_0/inst/FCLK_CLK0 | design_1_i/PololuStepperA_0/U0/PololuStepperA_v1_0_S00_AXI_inst/slv_reg2[15]_i_1_n_0                                                                           | design_1_i/PololuStepperA_0/U0/PololuStepperA_v1_0_S00_AXI_inst/axi_awready_i_1_n_0                                                      |                2 |              8 |
|  design_1_i/processing_system7_0/inst/FCLK_CLK0 | design_1_i/PololuStepperA_0/U0/PololuStepperA_v1_0_S00_AXI_inst/slv_reg1[31]_i_1_n_0                                                                           | design_1_i/PololuStepperA_0/U0/PololuStepperA_v1_0_S00_AXI_inst/axi_awready_i_1_n_0                                                      |                1 |              8 |
|  design_1_i/processing_system7_0/inst/FCLK_CLK0 | design_1_i/PololuStepperA_0/U0/PololuStepperA_v1_0_S00_AXI_inst/slv_reg2[7]_i_1_n_0                                                                            | design_1_i/PololuStepperA_0/U0/PololuStepperA_v1_0_S00_AXI_inst/axi_awready_i_1_n_0                                                      |                1 |              8 |
|  design_1_i/processing_system7_0/inst/FCLK_CLK0 | design_1_i/PololuStepperA_0/U0/PololuStepperA_v1_0_S00_AXI_inst/slv_reg1[23]_i_1_n_0                                                                           | design_1_i/PololuStepperA_0/U0/PololuStepperA_v1_0_S00_AXI_inst/axi_awready_i_1_n_0                                                      |                1 |              8 |
|  design_1_i/processing_system7_0/inst/FCLK_CLK0 | design_1_i/MD03ADRIVER_0/U0/MD03ADRIVER_v1_0_S00_AXI_inst/slv_reg0[15]_i_1_n_0                                                                                 | design_1_i/MD03ADRIVER_0/U0/MD03ADRIVER_v1_0_S00_AXI_inst/axi_awready_i_1_n_0                                                            |                1 |              8 |
|  design_1_i/processing_system7_0/inst/FCLK_CLK0 | design_1_i/MD03ADRIVER_0/U0/MD03ADRIVER_v1_0_S00_AXI_inst/slv_reg0[31]_i_1_n_0                                                                                 | design_1_i/MD03ADRIVER_0/U0/MD03ADRIVER_v1_0_S00_AXI_inst/axi_awready_i_1_n_0                                                            |                1 |              8 |
|  design_1_i/processing_system7_0/inst/FCLK_CLK0 | design_1_i/MD03ADRIVER_0/U0/MD03ADRIVER_v1_0_S00_AXI_inst/slv_reg1[23]_i_1_n_0                                                                                 | design_1_i/MD03ADRIVER_0/U0/MD03ADRIVER_v1_0_S00_AXI_inst/axi_awready_i_1_n_0                                                            |                1 |              8 |
|  design_1_i/processing_system7_0/inst/FCLK_CLK0 | design_1_i/MD03ADRIVER_0/U0/MD03ADRIVER_v1_0_S00_AXI_inst/slv_reg0[23]_i_1_n_0                                                                                 | design_1_i/MD03ADRIVER_0/U0/MD03ADRIVER_v1_0_S00_AXI_inst/axi_awready_i_1_n_0                                                            |                1 |              8 |
|  design_1_i/processing_system7_0/inst/FCLK_CLK0 | design_1_i/PWM_Measure_0/U0/PWM_Measure_v1_0_S00_AXI_inst/slv_reg2[31]_i_1_n_0                                                                                 | design_1_i/PWM_Measure_0/U0/PWM_Measure_v1_0_S00_AXI_inst/axi_awready_i_1_n_0                                                            |                1 |              8 |
|  design_1_i/processing_system7_0/inst/FCLK_CLK0 | design_1_i/PWM_Measure_0/U0/PWM_Measure_v1_0_S00_AXI_inst/slv_reg0[31]_i_1_n_0                                                                                 | design_1_i/PWM_Measure_0/U0/PWM_Measure_v1_0_S00_AXI_inst/axi_awready_i_1_n_0                                                            |                1 |              8 |
|  design_1_i/processing_system7_0/inst/FCLK_CLK0 | design_1_i/PWM_Measure_0/U0/PWM_Measure_v1_0_S00_AXI_inst/slv_reg1[15]_i_1_n_0                                                                                 | design_1_i/PWM_Measure_0/U0/PWM_Measure_v1_0_S00_AXI_inst/axi_awready_i_1_n_0                                                            |                2 |              8 |
|  design_1_i/processing_system7_0/inst/FCLK_CLK0 | design_1_i/PWM_Measure_0/U0/PWM_Measure_v1_0_S00_AXI_inst/slv_reg1[7]_i_1_n_0                                                                                  | design_1_i/PWM_Measure_0/U0/PWM_Measure_v1_0_S00_AXI_inst/axi_awready_i_1_n_0                                                            |                3 |              8 |
|  design_1_i/processing_system7_0/inst/FCLK_CLK0 | design_1_i/PWM_Measure_0/U0/PWM_Measure_v1_0_S00_AXI_inst/slv_reg0[15]_i_1_n_0                                                                                 | design_1_i/PWM_Measure_0/U0/PWM_Measure_v1_0_S00_AXI_inst/axi_awready_i_1_n_0                                                            |                1 |              8 |
|  design_1_i/processing_system7_0/inst/FCLK_CLK0 | design_1_i/PWM_Measure_0/U0/PWM_Measure_v1_0_S00_AXI_inst/slv_reg2[15]_i_1_n_0                                                                                 | design_1_i/PWM_Measure_0/U0/PWM_Measure_v1_0_S00_AXI_inst/axi_awready_i_1_n_0                                                            |                1 |              8 |
|  design_1_i/processing_system7_0/inst/FCLK_CLK0 | design_1_i/PWM_Measure_0/U0/PWM_Measure_v1_0_S00_AXI_inst/slv_reg1[31]_i_1_n_0                                                                                 | design_1_i/PWM_Measure_0/U0/PWM_Measure_v1_0_S00_AXI_inst/axi_awready_i_1_n_0                                                            |                2 |              8 |
|  design_1_i/processing_system7_0/inst/FCLK_CLK0 | design_1_i/PWM_Measure_0/U0/PWM_Measure_v1_0_S00_AXI_inst/slv_reg2[7]_i_1_n_0                                                                                  | design_1_i/PWM_Measure_0/U0/PWM_Measure_v1_0_S00_AXI_inst/axi_awready_i_1_n_0                                                            |                1 |              8 |
|  design_1_i/processing_system7_0/inst/FCLK_CLK0 | design_1_i/PWM_Measure_0/U0/PWM_Measure_v1_0_S00_AXI_inst/slv_reg0[7]_i_1_n_0                                                                                  | design_1_i/PWM_Measure_0/U0/PWM_Measure_v1_0_S00_AXI_inst/axi_awready_i_1_n_0                                                            |                1 |              8 |
|  design_1_i/processing_system7_0/inst/FCLK_CLK0 | design_1_i/PWM_Measure_0/U0/PWM_Measure_v1_0_S00_AXI_inst/slv_reg0[23]_i_1_n_0                                                                                 | design_1_i/PWM_Measure_0/U0/PWM_Measure_v1_0_S00_AXI_inst/axi_awready_i_1_n_0                                                            |                2 |              8 |
|  design_1_i/processing_system7_0/inst/FCLK_CLK0 |                                                                                                                                                                | design_1_i/axi_uartlite_0/U0/AXI_LITE_IPIF_I/I_SLAVE_ATTACHMENT/rst                                                                      |                4 |              9 |
|  design_1_i/processing_system7_0/inst/FCLK_CLK0 | design_1_i/axi_gpio_0/U0/AXI_LITE_IPIF_I/I_SLAVE_ATTACHMENT/s_axi_rdata_i[31]_i_1_n_0                                                                          | design_1_i/axi_gpio_0/U0/AXI_LITE_IPIF_I/I_SLAVE_ATTACHMENT/SR                                                                           |                3 |              9 |
|  design_1_i/processing_system7_0/inst/FCLK_CLK0 | design_1_i/axi_uartlite_0/U0/AXI_LITE_IPIF_I/I_SLAVE_ATTACHMENT/s_axi_rdata_i                                                                                  | design_1_i/axi_uartlite_0/U0/AXI_LITE_IPIF_I/I_SLAVE_ATTACHMENT/rst                                                                      |                3 |              9 |
|  design_1_i/processing_system7_0/inst/FCLK_CLK0 |                                                                                                                                                                | design_1_i/MD03ADRIVER_0/U0/MD03ADRIVER_v1_0_S00_AXI_inst/axi_awready_i_1_n_0                                                            |                4 |              9 |
|  design_1_i/processing_system7_0/inst/FCLK_CLK0 |                                                                                                                                                                | design_1_i/PololuStepperA_0/U0/PololuStepperA_v1_0_S00_AXI_inst/axi_awready_i_1_n_0                                                      |                3 |              9 |
|  design_1_i/processing_system7_0/inst/FCLK_CLK0 |                                                                                                                                                                | design_1_i/PWM_Measure_0/U0/PWM_Measure_v1_0_S00_AXI_inst/axi_awready_i_1_n_0                                                            |                4 |              9 |
|  design_1_i/processing_system7_0/inst/FCLK_CLK0 | design_1_i/axi_uartlite_0/U0/UARTLITE_CORE_I/BAUD_RATE_I/en_16x_Baud                                                                                           | design_1_i/axi_uartlite_0/U0/UARTLITE_CORE_I/UARTLITE_RX_I/SR[0]                                                                         |                3 |             10 |
|  design_1_i/processing_system7_0/inst/FCLK_CLK0 |                                                                                                                                                                | design_1_i/MD03ADRIVER_0/U0/MD03ADRIVER_v1_0_S00_AXI_inst/count_reg[0]                                                                   |                3 |             12 |
|  design_1_i/processing_system7_0/inst/FCLK_CLK0 | design_1_i/ps7_0_axi_periph/s00_couplers/auto_pc/inst/gen_axilite.gen_b2s_conv.axilite_b2s/RD.ar_channel_0/ar_cmd_fsm_0/E[0]                                   |                                                                                                                                          |                5 |             12 |
|  design_1_i/processing_system7_0/inst/FCLK_CLK0 |                                                                                                                                                                | design_1_i/MD03ADRIVER_0/U0/MD03ADRIVER_v1_0_S00_AXI_inst/clear                                                                          |                3 |             12 |
|  design_1_i/processing_system7_0/inst/FCLK_CLK0 | design_1_i/ps7_0_axi_periph/s00_couplers/auto_pc/inst/gen_axilite.gen_b2s_conv.axilite_b2s/WR.aw_channel_0/cmd_translator_0/incr_cmd_0/axaddr_incr[11]_i_1_n_0 |                                                                                                                                          |                3 |             12 |
|  design_1_i/processing_system7_0/inst/FCLK_CLK0 | design_1_i/ps7_0_axi_periph/s00_couplers/auto_pc/inst/gen_axilite.gen_b2s_conv.axilite_b2s/WR.aw_channel_0/aw_cmd_fsm_0/wrap_boundary_axaddr_r_reg[0][0]       |                                                                                                                                          |                3 |             12 |
|  design_1_i/processing_system7_0/inst/FCLK_CLK0 | design_1_i/ps7_0_axi_periph/s00_couplers/auto_pc/inst/gen_axilite.gen_b2s_conv.axilite_b2s/RD.ar_channel_0/ar_cmd_fsm_0/axaddr_incr_reg[0][0]                  |                                                                                                                                          |                2 |             12 |
|  design_1_i/processing_system7_0/inst/FCLK_CLK0 |                                                                                                                                                                | design_1_i/ps7_0_axi_periph/xbar/inst/gen_sasd.crossbar_sasd_0/addr_arbiter_inst/SR[0]                                                   |                4 |             13 |
|  design_1_i/processing_system7_0/inst/FCLK_CLK0 | design_1_i/ps7_0_axi_periph/s00_couplers/auto_pc/inst/gen_axilite.gen_b2s_conv.axilite_b2s/RD.r_channel_0/r_push_r                                             |                                                                                                                                          |                4 |             13 |
|  design_1_i/processing_system7_0/inst/FCLK_CLK0 | design_1_i/ps7_0_axi_periph/s00_couplers/auto_pc/inst/gen_axilite.gen_b2s_conv.axilite_b2s/SI_REG/b.b_pipe/p_1_in                                              |                                                                                                                                          |                2 |             14 |
|  design_1_i/processing_system7_0/inst/FCLK_CLK0 | design_1_i/ps7_0_axi_periph/s00_couplers/auto_pc/inst/gen_axilite.gen_b2s_conv.axilite_b2s/SI_REG/b.b_pipe/skid_buffer_reg[0]_0                                |                                                                                                                                          |                3 |             14 |
|  design_1_i/processing_system7_0/inst/FCLK_CLK0 |                                                                                                                                                                | design_1_i/axi_gpio_0/U0/AXI_LITE_IPIF_I/I_SLAVE_ATTACHMENT/I_DECODER/Not_Dual.ALLOUT0_ND.READ_REG_GEN[0].reg1_reg[24]                   |                6 |             16 |
|  design_1_i/processing_system7_0/inst/FCLK_CLK0 | design_1_i/ps7_0_axi_periph/s00_couplers/auto_pc/inst/gen_axilite.gen_b2s_conv.axilite_b2s/WR.aw_channel_0/aw_cmd_fsm_0/b_push                                 |                                                                                                                                          |                3 |             16 |
|  design_1_i/processing_system7_0/inst/FCLK_CLK0 | design_1_i/PololuStepperA_0/U0/U1/count[16]_i_2_n_0                                                                                                            | design_1_i/PololuStepperA_0/U0/U1/count[16]_i_1_n_0                                                                                      |                5 |             17 |
|  design_1_i/processing_system7_0/inst/FCLK_CLK0 | design_1_i/PololuStepperA_0/U0/U2/count[16]_i_2__0_n_0                                                                                                         | design_1_i/PololuStepperA_0/U0/U2/count[16]_i_1_n_0                                                                                      |                5 |             17 |
|  design_1_i/processing_system7_0/inst/FCLK_CLK0 | design_1_i/PWM_Measure_0/U0/dflop1                                                                                                                             | design_1_i/PWM_Measure_0/U0/PWM_Measure_v1_0_S00_AXI_inst/pw_count_reg[0]                                                                |                5 |             19 |
|  design_1_i/processing_system7_0/inst/FCLK_CLK0 | design_1_i/PWM_Measure_0/U0/reported_pw_count[18]_i_1_n_0                                                                                                      | design_1_i/PWM_Measure_0/U0/PWM_Measure_v1_0_S00_AXI_inst/Q[0]                                                                           |                3 |             19 |
|  design_1_i/processing_system7_0/inst/FCLK_CLK0 | design_1_i/ps7_0_axi_periph/xbar/inst/gen_sasd.crossbar_sasd_0/addr_arbiter_inst/p_0_in1_in                                                                    | design_1_i/ps7_0_axi_periph/xbar/inst/gen_sasd.crossbar_sasd_0/addr_arbiter_inst/SR[0]                                                   |                6 |             19 |
|  design_1_i/processing_system7_0/inst/FCLK_CLK0 |                                                                                                                                                                | design_1_i/axi_gpio_0/U0/AXI_LITE_IPIF_I/I_SLAVE_ATTACHMENT/SR                                                                           |                9 |             20 |
|  design_1_i/processing_system7_0/inst/FCLK_CLK0 | design_1_i/ps7_0_axi_periph/s00_couplers/auto_pc/inst/gen_axilite.gen_b2s_conv.axilite_b2s/RD.ar_channel_0/ar_cmd_fsm_0/axlen_cnt_reg[4][0]                    |                                                                                                                                          |                7 |             21 |
|  design_1_i/processing_system7_0/inst/FCLK_CLK0 | design_1_i/ps7_0_axi_periph/s00_couplers/auto_pc/inst/gen_axilite.gen_b2s_conv.axilite_b2s/WR.aw_channel_0/aw_cmd_fsm_0/E[0]                                   |                                                                                                                                          |                8 |             21 |
|  design_1_i/processing_system7_0/inst/FCLK_CLK0 |                                                                                                                                                                | design_1_i/axi_uartlite_0/U0/UARTLITE_CORE_I/UARTLITE_RX_I/SR[0]                                                                         |               10 |             30 |
|  design_1_i/processing_system7_0/inst/FCLK_CLK0 | design_1_i/PololuStepperA_0/U0/U1/clk_count[0]_i_1_n_0                                                                                                         |                                                                                                                                          |                8 |             32 |
|  design_1_i/processing_system7_0/inst/FCLK_CLK0 | design_1_i/PWM_Measure_0/U0/PWM_Measure_v1_0_S00_AXI_inst/axi_rdata[31]_i_1_n_0                                                                                | design_1_i/PWM_Measure_0/U0/PWM_Measure_v1_0_S00_AXI_inst/axi_awready_i_1_n_0                                                            |               13 |             32 |
|  design_1_i/processing_system7_0/inst/FCLK_CLK0 | design_1_i/MD03ADRIVER_0/U0/MD03ADRIVER_v1_0_S00_AXI_inst/axi_rdata[31]_i_1_n_0                                                                                | design_1_i/MD03ADRIVER_0/U0/MD03ADRIVER_v1_0_S00_AXI_inst/axi_awready_i_1_n_0                                                            |               13 |             32 |
|  design_1_i/processing_system7_0/inst/FCLK_CLK0 | design_1_i/PololuStepperA_0/U0/PololuStepperA_v1_0_S00_AXI_inst/axi_rdata[31]_i_1_n_0                                                                          | design_1_i/PololuStepperA_0/U0/PololuStepperA_v1_0_S00_AXI_inst/axi_awready_i_1_n_0                                                      |               15 |             32 |
|  design_1_i/processing_system7_0/inst/FCLK_CLK0 | design_1_i/PololuStepperA_0/U0/U2/clk_count[0]_i_1__0_n_0                                                                                                      |                                                                                                                                          |                8 |             32 |
|  design_1_i/processing_system7_0/inst/FCLK_CLK0 | design_1_i/ps7_0_axi_periph/s00_couplers/auto_pc/inst/gen_axilite.gen_b2s_conv.axilite_b2s/RD.r_channel_0/rd_data_fifo_0/wr_en0                                |                                                                                                                                          |                9 |             34 |
|  design_1_i/processing_system7_0/inst/FCLK_CLK0 | design_1_i/ps7_0_axi_periph/xbar/inst/gen_sasd.crossbar_sasd_0/addr_arbiter_inst/E[0]                                                                          |                                                                                                                                          |                6 |             35 |
|  design_1_i/processing_system7_0/inst/FCLK_CLK0 | design_1_i/ps7_0_axi_periph/xbar/inst/gen_sasd.crossbar_sasd_0/reg_slice_r/aa_rready                                                                           |                                                                                                                                          |                7 |             35 |
|  design_1_i/processing_system7_0/inst/FCLK_CLK0 | design_1_i/ps7_0_axi_periph/s00_couplers/auto_pc/inst/gen_axilite.gen_b2s_conv.axilite_b2s/SI_REG/r.r_pipe/skid_buffer_reg[0]_0                                |                                                                                                                                          |                8 |             47 |
|  design_1_i/processing_system7_0/inst/FCLK_CLK0 | design_1_i/ps7_0_axi_periph/s00_couplers/auto_pc/inst/gen_axilite.gen_b2s_conv.axilite_b2s/SI_REG/r.r_pipe/p_1_in                                              |                                                                                                                                          |                8 |             47 |
|  design_1_i/processing_system7_0/inst/FCLK_CLK0 | design_1_i/ps7_0_axi_periph/s00_couplers/auto_pc/inst/gen_axilite.gen_b2s_conv.axilite_b2s/SI_REG/ar.ar_pipe/s_axi_arready                                     |                                                                                                                                          |                8 |             48 |
|  design_1_i/processing_system7_0/inst/FCLK_CLK0 | design_1_i/ps7_0_axi_periph/s00_couplers/auto_pc/inst/gen_axilite.gen_b2s_conv.axilite_b2s/SI_REG/aw.aw_pipe/s_axi_awready                                     |                                                                                                                                          |                7 |             48 |
|  design_1_i/processing_system7_0/inst/FCLK_CLK0 | design_1_i/ps7_0_axi_periph/s00_couplers/auto_pc/inst/gen_axilite.gen_b2s_conv.axilite_b2s/RD.ar_channel_0/ar_cmd_fsm_0/m_payload_i_reg[0]_1[0]                |                                                                                                                                          |                9 |             48 |
|  design_1_i/processing_system7_0/inst/FCLK_CLK0 | design_1_i/ps7_0_axi_periph/s00_couplers/auto_pc/inst/gen_axilite.gen_b2s_conv.axilite_b2s/WR.aw_channel_0/aw_cmd_fsm_0/m_payload_i_reg[0][0]                  |                                                                                                                                          |                8 |             48 |
|  design_1_i/processing_system7_0/inst/FCLK_CLK0 |                                                                                                                                                                | design_1_i/ps7_0_axi_periph/s00_couplers/auto_pc/inst/gen_axilite.gen_b2s_conv.axilite_b2s/areset_d1                                     |               13 |             59 |
|  design_1_i/processing_system7_0/inst/FCLK_CLK0 |                                                                                                                                                                |                                                                                                                                          |               68 |            206 |
+-------------------------------------------------+----------------------------------------------------------------------------------------------------------------------------------------------------------------+------------------------------------------------------------------------------------------------------------------------------------------+------------------+----------------+


+--------+-----------------------+
| Fanout | Number of ControlSets |
+--------+-----------------------+
| 2      |                     1 |
| 4      |                    10 |
| 5      |                     1 |
| 6      |                     3 |
| 8      |                    41 |
| 9      |                     6 |
| 10     |                     1 |
| 12     |                     6 |
| 13     |                     2 |
| 14     |                     2 |
| 16+    |                    27 |
+--------+-----------------------+


